[ 2016-06-24T13:39:14+08:00 ] 127.0.0.1 /erptest/index.php/images/login.jpg
INFO: [ app_init ] --START--
INFO: Run Behavior\BuildLiteBehavior [ RunTime:0.000019s ]
INFO: [ app_init ] --END-- [ RunTime:0.000514s ]
ERR: 无法加载模块:Images

[ 2016-06-24T13:39:14+08:00 ] 127.0.0.1 /erptest/index.php/images/index.jpg
INFO: [ app_init ] --START--
INFO: Run Behavior\BuildLiteBehavior [ RunTime:0.000014s ]
INFO: [ app_init ] --END-- [ RunTime:0.000403s ]
ERR: 无法加载模块:Images

[ 2016-06-24T13:39:14+08:00 ] 127.0.0.1 /erptest/index.php/images/index.jpg
INFO: [ app_init ] --START--
INFO: Run Behavior\BuildLiteBehavior [ RunTime:0.000014s ]
INFO: [ app_init ] --END-- [ RunTime:0.000653s ]
ERR: 无法加载模块:Images

[ 2016-06-24T13:39:14+08:00 ] 127.0.0.1 /erptest/index.php/images/login.jpg
INFO: [ app_init ] --START--
INFO: Run Behavior\BuildLiteBehavior [ RunTime:0.000014s ]
INFO: [ app_init ] --END-- [ RunTime:0.000580s ]
ERR: 无法加载模块:Images

