[ 2017-06-10T16:03:35+08:00 ] ::1 /test/erptest/Application/Admin/View/Default/js/StatisticsManage/statistics.js
INFO: [ app_init ] --START--
INFO: Run Behavior\BuildLiteBehavior [ RunTime:0.000012s ]
INFO: [ app_init ] --END-- [ RunTime:0.000399s ]
ERR: 无法加载模块:Application

[ 2017-06-10T16:03:35+08:00 ] ::1 /test/erptest/Application/Admin/View/Default/js/StatisticsManage/statistics.js
INFO: [ app_init ] --START--
INFO: Run Behavior\BuildLiteBehavior [ RunTime:0.000011s ]
INFO: [ app_init ] --END-- [ RunTime:0.000373s ]
ERR: 无法加载模块:Application

[ 2017-06-10T16:03:35+08:00 ] ::1 /test/erptest/Application/Admin/View/Default/js/StatisticsManage/statistics.js
INFO: [ app_init ] --START--
INFO: Run Behavior\BuildLiteBehavior [ RunTime:0.000015s ]
INFO: [ app_init ] --END-- [ RunTime:0.000421s ]
ERR: 无法加载模块:Application

[ 2017-06-10T16:03:35+08:00 ] ::1 /test/erptest/Application/Admin/View/Default/js/StatisticsManage/statistics.js
INFO: [ app_init ] --START--
INFO: Run Behavior\BuildLiteBehavior [ RunTime:0.000012s ]
INFO: [ app_init ] --END-- [ RunTime:0.000369s ]
ERR: 无法加载模块:Application

[ 2017-06-10T16:03:37+08:00 ] ::1 /test/erptest/Application/Admin/View/Default/js/StatisticsManage/statistics.js
INFO: [ app_init ] --START--
INFO: Run Behavior\BuildLiteBehavior [ RunTime:0.000013s ]
INFO: [ app_init ] --END-- [ RunTime:0.000394s ]
ERR: 无法加载模块:Application

[ 2017-06-10T16:03:37+08:00 ] ::1 /test/erptest/Application/Admin/View/Default/js/StatisticsManage/statistics.js
INFO: [ app_init ] --START--
INFO: Run Behavior\BuildLiteBehavior [ RunTime:0.000011s ]
INFO: [ app_init ] --END-- [ RunTime:0.000363s ]
ERR: 无法加载模块:Application

[ 2017-06-10T16:04:23+08:00 ] ::1 /test/erptest/Application/Admin/View/Default/js/StatisticsManage/statistics.js
INFO: [ app_init ] --START--
INFO: Run Behavior\BuildLiteBehavior [ RunTime:0.000012s ]
INFO: [ app_init ] --END-- [ RunTime:0.000246s ]
ERR: 无法加载模块:Application

[ 2017-06-10T16:04:23+08:00 ] ::1 /test/erptest/Application/Admin/View/Default/js/StatisticsManage/statistics.js
INFO: [ app_init ] --START--
INFO: Run Behavior\BuildLiteBehavior [ RunTime:0.000009s ]
INFO: [ app_init ] --END-- [ RunTime:0.000247s ]
ERR: 无法加载模块:Application

[ 2017-06-10T16:04:24+08:00 ] ::1 /test/erptest/Application/Admin/View/Default/js/StatisticsManage/statistics.js
INFO: [ app_init ] --START--
INFO: Run Behavior\BuildLiteBehavior [ RunTime:0.000012s ]
INFO: [ app_init ] --END-- [ RunTime:0.000276s ]
ERR: 无法加载模块:Application

[ 2017-06-10T16:04:24+08:00 ] ::1 /test/erptest/Application/Admin/View/Default/js/StatisticsManage/statistics.js
INFO: [ app_init ] --START--
INFO: Run Behavior\BuildLiteBehavior [ RunTime:0.000009s ]
INFO: [ app_init ] --END-- [ RunTime:0.000218s ]
ERR: 无法加载模块:Application

[ 2017-06-10T16:04:39+08:00 ] ::1 /test/erptest/Application/Admin/View/Default/js/productstock/productstock_ajax.js
INFO: [ app_init ] --START--
INFO: Run Behavior\BuildLiteBehavior [ RunTime:0.000012s ]
INFO: [ app_init ] --END-- [ RunTime:0.000523s ]
ERR: 无法加载模块:Application

[ 2017-06-10T16:04:39+08:00 ] ::1 /test/erptest/Application/Admin/View/Default/js/productstock/productstock_ajax.js
INFO: [ app_init ] --START--
INFO: Run Behavior\BuildLiteBehavior [ RunTime:0.000011s ]
INFO: [ app_init ] --END-- [ RunTime:0.000265s ]
ERR: 无法加载模块:Application

[ 2017-06-10T16:24:12+08:00 ] 127.0.0.1 /favicon.ico
INFO: [ app_init ] --START--
INFO: Run Behavior\BuildLiteBehavior [ RunTime:0.000009s ]
INFO: [ app_init ] --END-- [ RunTime:0.000231s ]
ERR: 无法加载模块:Favicon

